..\RobotSwarmGUI\bin\Release\RobotSwarmDLL.pdb
C:\Users\steffrei\Documents\rswarm\RobotSwarm\RobotSwarmDLL\..\RobotSwarmGUI\bin\Release\RobotSwarmDLL.dll
C:\USERS\STEFFREI\DOCUMENTS\RSWARM\ROBOTSWARM\ROBOTSWARMDLL\RELEASE\APP.RES
C:\USERS\STEFFREI\DOCUMENTS\RSWARM\ROBOTSWARM\ROBOTSWARMDLL\RELEASE\ASSEMBLYINFO.OBJ
C:\USERS\STEFFREI\DOCUMENTS\RSWARM\ROBOTSWARM\ROBOTSWARMDLL\RELEASE\CALGORITHMSF.OBJ
C:\USERS\STEFFREI\DOCUMENTS\RSWARM\ROBOTSWARM\ROBOTSWARMDLL\RELEASE\CCAMERA.OBJ
C:\USERS\STEFFREI\DOCUMENTS\RSWARM\ROBOTSWARM\ROBOTSWARMDLL\RELEASE\CEKFTEST.OBJ
C:\USERS\STEFFREI\DOCUMENTS\RSWARM\ROBOTSWARM\ROBOTSWARMDLL\RELEASE\CELISA.OBJ
C:\USERS\STEFFREI\DOCUMENTS\RSWARM\ROBOTSWARM\ROBOTSWARMDLL\RELEASE\CEPUCK.OBJ
C:\USERS\STEFFREI\DOCUMENTS\RSWARM\ROBOTSWARM\ROBOTSWARMDLL\RELEASE\CFORMCOMM.OBJ
C:\USERS\STEFFREI\DOCUMENTS\RSWARM\ROBOTSWARM\ROBOTSWARMDLL\RELEASE\CGRIDSEARCH.OBJ
C:\USERS\STEFFREI\DOCUMENTS\RSWARM\ROBOTSWARM\ROBOTSWARMDLL\RELEASE\CKHEPERA.OBJ
C:\Users\steffrei\Documents\rswarm\RobotSwarm\RobotSwarmDLL\Release\cl.command.1.tlog
C:\Users\steffrei\Documents\rswarm\RobotSwarm\RobotSwarmDLL\Release\CL.read.1.tlog
C:\Users\steffrei\Documents\rswarm\RobotSwarm\RobotSwarmDLL\Release\CL.write.1.tlog
C:\USERS\STEFFREI\DOCUMENTS\RSWARM\ROBOTSWARM\ROBOTSWARMDLL\RELEASE\CLINESEARCH.OBJ
C:\USERS\STEFFREI\DOCUMENTS\RSWARM\ROBOTSWARM\ROBOTSWARMDLL\RELEASE\CMETROPOLISHASTINGS.OBJ
C:\USERS\STEFFREI\DOCUMENTS\RSWARM\ROBOTSWARM\ROBOTSWARMDLL\RELEASE\CROBOBLOB.OBJ
C:\USERS\STEFFREI\DOCUMENTS\RSWARM\ROBOTSWARM\ROBOTSWARMDLL\RELEASE\CROBOT.OBJ
C:\USERS\STEFFREI\DOCUMENTS\RSWARM\ROBOTSWARM\ROBOTSWARMDLL\RELEASE\CSIMULATEDANNEALING.OBJ
C:\USERS\STEFFREI\DOCUMENTS\RSWARM\ROBOTSWARM\ROBOTSWARMDLL\RELEASE\CSTOCHASTICLOCALIZATION.OBJ
C:\USERS\STEFFREI\DOCUMENTS\RSWARM\ROBOTSWARM\ROBOTSWARMDLL\RELEASE\CVIRTUALPOTENTIAL.OBJ
C:\Users\steffrei\Documents\rswarm\RobotSwarm\RobotSwarmDLL\Release\link.command.1.tlog
C:\Users\steffrei\Documents\rswarm\RobotSwarm\RobotSwarmDLL\Release\link.read.1.tlog
C:\Users\steffrei\Documents\rswarm\RobotSwarm\RobotSwarmDLL\Release\link.write.1.tlog
C:\Users\steffrei\Documents\rswarm\RobotSwarm\RobotSwarmDLL\Release\link-cvtres.read.1.tlog
C:\Users\steffrei\Documents\rswarm\RobotSwarm\RobotSwarmDLL\Release\link-cvtres.write.1.tlog
C:\Users\steffrei\Documents\rswarm\RobotSwarm\RobotSwarmDLL\Release\metagen.read.1.tlog
C:\Users\steffrei\Documents\rswarm\RobotSwarm\RobotSwarmDLL\Release\metagen.write.1.tlog
C:\Users\steffrei\Documents\rswarm\RobotSwarm\RobotSwarmDLL\Release\mt.command.1.tlog
C:\Users\steffrei\Documents\rswarm\RobotSwarm\RobotSwarmDLL\Release\mt.read.1.tlog
C:\Users\steffrei\Documents\rswarm\RobotSwarm\RobotSwarmDLL\Release\mt.write.1.tlog
C:\Users\steffrei\Documents\rswarm\RobotSwarm\RobotSwarmDLL\Release\rc.command.1.tlog
C:\Users\steffrei\Documents\rswarm\RobotSwarm\RobotSwarmDLL\Release\rc.read.1.tlog
C:\Users\steffrei\Documents\rswarm\RobotSwarm\RobotSwarmDLL\Release\rc.write.1.tlog
C:\USERS\STEFFREI\DOCUMENTS\RSWARM\ROBOTSWARM\ROBOTSWARMDLL\RELEASE\ROBOTSWARMDLL.DLL.INTERMEDIATE.MANIFEST
C:\USERS\STEFFREI\DOCUMENTS\RSWARM\ROBOTSWARM\ROBOTSWARMDLL\RELEASE\ROBOTSWARMDLL.OBJ
C:\Users\steffrei\Documents\rswarm\RobotSwarm\RobotSwarmDLL\Release\RobotSwarmDLL.write.1.tlog
C:\USERS\STEFFREI\DOCUMENTS\RSWARM\ROBOTSWARM\ROBOTSWARMDLL\RELEASE\VC100.PDB
C:\USERS\STEFFREI\DOCUMENTS\RSWARM\ROBOTSWARM\ROBOTSWARMGUI\BIN\RELEASE\ROBOTSWARMDLL.DLL
C:\Users\steffrei\Documents\rswarm\RobotSwarm\RobotSwarmGUI\bin\Release\RobotSwarmDLL.exp
C:\Users\steffrei\Documents\rswarm\RobotSwarm\RobotSwarmGUI\bin\Release\RobotSwarmDLL.lib
C:\USERS\STEFFREI\DOCUMENTS\RSWARM\ROBOTSWARM\ROBOTSWARMGUI\BIN\RELEASE\ROBOTSWARMDLL.PDB
