..\RobotSwarmGUI\bin\Debug\RobotSwarmDLL.ilk
..\RobotSwarmGUI\bin\Debug\RobotSwarmDLL.pdb
C:\Users\steffrei\Documents\rswarm\RobotSwarm\RobotSwarmDLL\..\RobotSwarmGUI\bin\Debug\RobotSwarmDLL.dll
C:\USERS\STEFFREI\DOCUMENTS\RSWARM\ROBOTSWARM\ROBOTSWARMDLL\DEBUG\APP.RES
C:\USERS\STEFFREI\DOCUMENTS\RSWARM\ROBOTSWARM\ROBOTSWARMDLL\DEBUG\ASSEMBLYINFO.OBJ
C:\USERS\STEFFREI\DOCUMENTS\RSWARM\ROBOTSWARM\ROBOTSWARMDLL\DEBUG\CALGORITHMSF.OBJ
C:\USERS\STEFFREI\DOCUMENTS\RSWARM\ROBOTSWARM\ROBOTSWARMDLL\DEBUG\CCAMERA.OBJ
C:\USERS\STEFFREI\DOCUMENTS\RSWARM\ROBOTSWARM\ROBOTSWARMDLL\DEBUG\CEKFTEST.OBJ
C:\USERS\STEFFREI\DOCUMENTS\RSWARM\ROBOTSWARM\ROBOTSWARMDLL\DEBUG\CELISA.OBJ
C:\USERS\STEFFREI\DOCUMENTS\RSWARM\ROBOTSWARM\ROBOTSWARMDLL\DEBUG\CEPUCK.OBJ
C:\USERS\STEFFREI\DOCUMENTS\RSWARM\ROBOTSWARM\ROBOTSWARMDLL\DEBUG\CFORMCOMM.OBJ
C:\USERS\STEFFREI\DOCUMENTS\RSWARM\ROBOTSWARM\ROBOTSWARMDLL\DEBUG\CGRIDSEARCH.OBJ
C:\USERS\STEFFREI\DOCUMENTS\RSWARM\ROBOTSWARM\ROBOTSWARMDLL\DEBUG\CKHEPERA.OBJ
C:\Users\steffrei\Documents\rswarm\RobotSwarm\RobotSwarmDLL\Debug\cl.command.1.tlog
C:\Users\steffrei\Documents\rswarm\RobotSwarm\RobotSwarmDLL\Debug\CL.read.1.tlog
C:\Users\steffrei\Documents\rswarm\RobotSwarm\RobotSwarmDLL\Debug\CL.write.1.tlog
C:\USERS\STEFFREI\DOCUMENTS\RSWARM\ROBOTSWARM\ROBOTSWARMDLL\DEBUG\CLINESEARCH.OBJ
C:\USERS\STEFFREI\DOCUMENTS\RSWARM\ROBOTSWARM\ROBOTSWARMDLL\DEBUG\CMETROPOLISHASTINGS.OBJ
C:\USERS\STEFFREI\DOCUMENTS\RSWARM\ROBOTSWARM\ROBOTSWARMDLL\DEBUG\CROBOBLOB.OBJ
C:\USERS\STEFFREI\DOCUMENTS\RSWARM\ROBOTSWARM\ROBOTSWARMDLL\DEBUG\CROBOT.OBJ
C:\USERS\STEFFREI\DOCUMENTS\RSWARM\ROBOTSWARM\ROBOTSWARMDLL\DEBUG\CSIMULATEDANNEALING.OBJ
C:\USERS\STEFFREI\DOCUMENTS\RSWARM\ROBOTSWARM\ROBOTSWARMDLL\DEBUG\CSTOCHASTICLOCALIZATION.OBJ
C:\USERS\STEFFREI\DOCUMENTS\RSWARM\ROBOTSWARM\ROBOTSWARMDLL\DEBUG\CVIRTUALPOTENTIAL.OBJ
C:\Users\steffrei\Documents\rswarm\RobotSwarm\RobotSwarmDLL\Debug\link.3364.read.1.tlog
C:\Users\steffrei\Documents\rswarm\RobotSwarm\RobotSwarmDLL\Debug\link.3364.write.1.tlog
C:\Users\steffrei\Documents\rswarm\RobotSwarm\RobotSwarmDLL\Debug\link.3364-cvtres.read.1.tlog
C:\Users\steffrei\Documents\rswarm\RobotSwarm\RobotSwarmDLL\Debug\link.3364-cvtres.write.1.tlog
C:\Users\steffrei\Documents\rswarm\RobotSwarm\RobotSwarmDLL\Debug\link.7764.read.1.tlog
C:\Users\steffrei\Documents\rswarm\RobotSwarm\RobotSwarmDLL\Debug\link.7764.write.1.tlog
C:\Users\steffrei\Documents\rswarm\RobotSwarm\RobotSwarmDLL\Debug\link.7764-cvtres.read.1.tlog
C:\Users\steffrei\Documents\rswarm\RobotSwarm\RobotSwarmDLL\Debug\link.7764-cvtres.write.1.tlog
C:\Users\steffrei\Documents\rswarm\RobotSwarm\RobotSwarmDLL\Debug\link.command.1.tlog
C:\Users\steffrei\Documents\rswarm\RobotSwarm\RobotSwarmDLL\Debug\link.read.1.tlog
C:\Users\steffrei\Documents\rswarm\RobotSwarm\RobotSwarmDLL\Debug\link.write.1.tlog
C:\Users\steffrei\Documents\rswarm\RobotSwarm\RobotSwarmDLL\Debug\metagen.read.1.tlog
C:\Users\steffrei\Documents\rswarm\RobotSwarm\RobotSwarmDLL\Debug\metagen.write.1.tlog
C:\Users\steffrei\Documents\rswarm\RobotSwarm\RobotSwarmDLL\Debug\mt.command.1.tlog
C:\Users\steffrei\Documents\rswarm\RobotSwarm\RobotSwarmDLL\Debug\mt.read.1.tlog
C:\Users\steffrei\Documents\rswarm\RobotSwarm\RobotSwarmDLL\Debug\mt.write.1.tlog
C:\Users\steffrei\Documents\rswarm\RobotSwarm\RobotSwarmDLL\Debug\rc.command.1.tlog
C:\Users\steffrei\Documents\rswarm\RobotSwarm\RobotSwarmDLL\Debug\rc.read.1.tlog
C:\Users\steffrei\Documents\rswarm\RobotSwarm\RobotSwarmDLL\Debug\rc.write.1.tlog
C:\USERS\STEFFREI\DOCUMENTS\RSWARM\ROBOTSWARM\ROBOTSWARMDLL\DEBUG\ROBOTSWARMDLL.DLL.INTERMEDIATE.MANIFEST
C:\USERS\STEFFREI\DOCUMENTS\RSWARM\ROBOTSWARM\ROBOTSWARMDLL\DEBUG\ROBOTSWARMDLL.OBJ
C:\Users\steffrei\Documents\rswarm\RobotSwarm\RobotSwarmDLL\Debug\RobotSwarmDLL.write.1.tlog
C:\USERS\STEFFREI\DOCUMENTS\RSWARM\ROBOTSWARM\ROBOTSWARMDLL\DEBUG\VC100.PDB
C:\USERS\STEFFREI\DOCUMENTS\RSWARM\ROBOTSWARM\ROBOTSWARMGUI\BIN\DEBUG\ROBOTSWARMDLL.DLL
C:\Users\steffrei\Documents\rswarm\RobotSwarm\RobotSwarmGUI\bin\Debug\RobotSwarmDLL.exp
C:\USERS\STEFFREI\DOCUMENTS\RSWARM\ROBOTSWARM\ROBOTSWARMGUI\BIN\DEBUG\ROBOTSWARMDLL.ILK
C:\Users\steffrei\Documents\rswarm\RobotSwarm\RobotSwarmGUI\bin\Debug\RobotSwarmDLL.lib
C:\USERS\STEFFREI\DOCUMENTS\RSWARM\ROBOTSWARM\ROBOTSWARMGUI\BIN\DEBUG\ROBOTSWARMDLL.PDB
